<?xml version="1.0" encoding="UTF-8"?>
<testng-results skipped="0" failed="0" ignored="0" total="1" passed="1">
  <reporter-output>
  </reporter-output>
  <suite name="Suite" duration-ms="69" started-at="2022-02-22T23:26:09Z" finished-at="2022-02-22T23:26:09Z">
    <groups>
    </groups>
    <test name="Test" duration-ms="69" started-at="2022-02-22T23:26:09Z" finished-at="2022-02-22T23:26:09Z">
      <class name="JenkinesTest">
        <test-method status="PASS" signature="myTest()[pri:0, instance:JenkinesTest@143640d5]" name="myTest" duration-ms="15" started-at="2022-02-22T23:26:09Z" finished-at="2022-02-22T23:26:09Z">
          <reporter-output>
          </reporter-output>
        </test-method> <!-- myTest -->
      </class> <!-- JenkinesTest -->
    </test> <!-- Test -->
  </suite> <!-- Suite -->
</testng-results>
